<?xml version="1.0" encoding="UTF-8"?>
<testsuite xmlns:xsi="http://www.w3.org/2001/XMLSchema-instance" xsi:noNamespaceSchemaLocation="https://maven.apache.org/surefire/maven-surefire-plugin/xsd/surefire-test-report-3.0.xsd" version="3.0" name="test.AppTest" time="0.046" tests="7" errors="0" skipped="0" failures="0">
  <properties>
[...]
</properties>
  <testcase name="testCalculateFileModificationCount" classname="test.AppTest" time="0.024"/>
  <testcase name="testCalculateTotalForks" classname="test.AppTest" time="0.0"/>
  <testcase name="testCalculateTotalStars" classname="test.AppTest" time="0.0"/>
  <testcase name="testCountNewCommitsInForks" classname="test.AppTest" time="0.0"/>
  <testcase name="testGetTop3ModifiedFiles" classname="test.AppTest" time="0.0"/>
  <testcase name="testCalculateOpenIssues" classname="test.AppTest" time="0.0"/>
  <testcase name="testIsRepoContainingSourceCode" classname="test.AppTest" time="0.0"/>
</testsuite>